# JRE version: Java(TM) SE Runtime Environment (8.0_45-b14) (build 1.8.0_45-b14)
# Java VM: Java HotSpot(TM) 64-Bit Server VM (25.45-b02 mixed mode bsd-amd64 compressed oops)
Heap:
 PSYoungGen      total 68608K, used 10439K [0x0000000795580000, 0x000000079bc00000, 0x00000007c0000000)
  eden space 61952K, 6% used [0x0000000795580000,0x00000007959a4570,0x0000000799200000)
  from space 6656K, 93% used [0x000000079b580000,0x000000079bb8d728,0x000000079bc00000)
  to   space 10752K, 0% used [0x000000079a700000,0x000000079a700000,0x000000079b180000)
 ParOldGen       total 104960K, used 19446K [0x0000000740000000, 0x0000000746680000, 0x0000000795580000)
  object space 104960K, 18% used [0x0000000740000000,0x00000007412fdba0,0x0000000746680000)
 Metaspace       used 43397K, capacity 45800K, committed 45952K, reserved 1089536K
  class space    used 5822K, capacity 6237K, committed 6272K, reserved 1048576K
GC Heap History (10 events):
Event: 77.309 GC heap before
{Heap before GC invocations=6 (full 1):
 PSYoungGen      total 51712K, used 38951K [0x0000000795580000, 0x0000000798e00000, 0x00000007c0000000)
  eden space 46592K, 72% used [0x0000000795580000,0x000000079768df78,0x0000000798300000)
  from space 5120K, 99% used [0x0000000798800000,0x0000000798cfc020,0x0000000798d00000)
  to   space 5120K, 0% used [0x0000000798300000,0x0000000798300000,0x0000000798800000)
 ParOldGen       total 66560K, used 13568K [0x0000000740000000, 0x0000000744100000, 0x0000000795580000)
  object space 66560K, 20% used [0x0000000740000000,0x0000000740d40248,0x0000000744100000)
 Metaspace       used 33698K, capacity 35278K, committed 35456K, reserved 1079296K
  class space    used 4547K, capacity 4872K, committed 4992K, reserved 1048576K
Event: 77.316 GC heap after
Heap after GC invocations=6 (full 1):
 PSYoungGen      total 51712K, used 5104K [0x0000000795580000, 0x000000079aa80000, 0x00000007c0000000)
  eden space 46592K, 0% used [0x0000000795580000,0x0000000795580000,0x0000000798300000)
  from space 5120K, 99% used [0x0000000798300000,0x00000007987fc020,0x0000000798800000)
  to   space 11776K, 0% used [0x0000000799f00000,0x0000000799f00000,0x000000079aa80000)
 ParOldGen       total 66560K, used 16606K [0x0000000740000000, 0x0000000744100000, 0x0000000795580000)
  object space 66560K, 24% used [0x0000000740000000,0x00000007410378f8,0x0000000744100000)
 Metaspace       used 33698K, capacity 35278K, committed 35456K, reserved 1079296K
  class space    used 4547K, capacity 4872K, committed 4992K, reserved 1048576K
}
Event: 77.316 GC heap before
{Heap before GC invocations=7 (full 2):
 PSYoungGen      total 51712K, used 5104K [0x0000000795580000, 0x000000079aa80000, 0x00000007c0000000)
  eden space 46592K, 0% used [0x0000000795580000,0x0000000795580000,0x0000000798300000)
  from space 5120K, 99% used [0x0000000798300000,0x00000007987fc020,0x0000000798800000)
  to   space 11776K, 0% used [0x0000000799f00000,0x0000000799f00000,0x000000079aa80000)
 ParOldGen       total 66560K, used 16606K [0x0000000740000000, 0x0000000744100000, 0x0000000795580000)
  object space 66560K, 24% used [0x0000000740000000,0x00000007410378f8,0x0000000744100000)
 Metaspace       used 33698K, capacity 35278K, committed 35456K, reserved 1079296K
  class space    used 4547K, capacity 4872K, committed 4992K, reserved 1048576K
Event: 77.379 GC heap after
Heap after GC invocations=7 (full 2):
 PSYoungGen      total 51712K, used 0K [0x0000000795580000, 0x000000079aa80000, 0x00000007c0000000)
  eden space 46592K, 0% used [0x0000000795580000,0x0000000795580000,0x0000000798300000)
  from space 5120K, 0% used [0x0000000798300000,0x0000000798300000,0x0000000798800000)
  to   space 11776K, 0% used [0x0000000799f00000,0x0000000799f00000,0x000000079aa80000)
 ParOldGen       total 104960K, used 19422K [0x0000000740000000, 0x0000000746680000, 0x0000000795580000)
  object space 104960K, 18% used [0x0000000740000000,0x00000007412f7ba0,0x0000000746680000)
 Metaspace       used 33698K, capacity 35278K, committed 35456K, reserved 1079296K
  class space    used 4547K, capacity 4872K, committed 4992K, reserved 1048576K
}
Event: 161.271 GC heap before
{Heap before GC invocations=8 (full 2):
 PSYoungGen      total 51712K, used 46592K [0x0000000795580000, 0x000000079aa80000, 0x00000007c0000000)
  eden space 46592K, 100% used [0x0000000795580000,0x0000000798300000,0x0000000798300000)
  from space 5120K, 0% used [0x0000000798300000,0x0000000798300000,0x0000000798800000)
  to   space 11776K, 0% used [0x0000000799f00000,0x0000000799f00000,0x000000079aa80000)
 ParOldGen       total 104960K, used 19422K [0x0000000740000000, 0x0000000746680000, 0x0000000795580000)
  object space 104960K, 18% used [0x0000000740000000,0x00000007412f7ba0,0x0000000746680000)
 Metaspace       used 36703K, capacity 38868K, committed 38912K, reserved 1083392K
  class space    used 4960K, capacity 5347K, committed 5376K, reserved 1048576K
Event: 161.276 GC heap after
Heap after GC invocations=8 (full 2):
 PSYoungGen      total 74752K, used 2706K [0x0000000795580000, 0x000000079af80000, 0x00000007c0000000)
  eden space 62976K, 0% used [0x0000000795580000,0x0000000795580000,0x0000000799300000)
  from space 11776K, 22% used [0x0000000799f00000,0x000000079a1a49b8,0x000000079aa80000)
  to   space 12288K, 0% used [0x0000000799300000,0x0000000799300000,0x0000000799f00000)
 ParOldGen       total 104960K, used 19430K [0x0000000740000000, 0x0000000746680000, 0x0000000795580000)
  object space 104960K, 18% used [0x0000000740000000,0x00000007412f9ba0,0x0000000746680000)
 Metaspace       used 36703K, capacity 38868K, committed 38912K, reserved 1083392K
  class space    used 4960K, capacity 5347K, committed 5376K, reserved 1048576K
}
Event: 399.624 GC heap before
{Heap before GC invocations=9 (full 2):
 PSYoungGen      total 74752K, used 65682K [0x0000000795580000, 0x000000079af80000, 0x00000007c0000000)
  eden space 62976K, 100% used [0x0000000795580000,0x0000000799300000,0x0000000799300000)
  from space 11776K, 22% used [0x0000000799f00000,0x000000079a1a49b8,0x000000079aa80000)
  to   space 12288K, 0% used [0x0000000799300000,0x0000000799300000,0x0000000799f00000)
 ParOldGen       total 104960K, used 19430K [0x0000000740000000, 0x0000000746680000, 0x0000000795580000)
  object space 104960K, 18% used [0x0000000740000000,0x00000007412f9ba0,0x0000000746680000)
 Metaspace       used 40406K, capacity 42670K, committed 42752K, reserved 1085440K
  class space    used 5459K, capacity 5858K, committed 5888K, reserved 1048576K
Event: 399.634 GC heap after
Heap after GC invocations=9 (full 2):
 PSYoungGen      total 75264K, used 6657K [0x0000000795580000, 0x000000079c080000, 0x00000007c0000000)
  eden space 62976K, 0% used [0x0000000795580000,0x0000000795580000,0x0000000799300000)
  from space 12288K, 54% used [0x0000000799300000,0x0000000799980530,0x0000000799f00000)
  to   space 11264K, 0% used [0x000000079b580000,0x000000079b580000,0x000000079c080000)
 ParOldGen       total 104960K, used 19438K [0x0000000740000000, 0x0000000746680000, 0x0000000795580000)
  object space 104960K, 18% used [0x0000000740000000,0x00000007412fbba0,0x0000000746680000)
 Metaspace       used 40406K, capacity 42670K, committed 42752K, reserved 1085440K
  class space    used 5459K, capacity 5858K, committed 5888K, reserved 1048576K
}
Event: 616.846 GC heap before
{Heap before GC invocations=10 (full 2):
 PSYoungGen      total 75264K, used 69633K [0x0000000795580000, 0x000000079c080000, 0x00000007c0000000)
  eden space 62976K, 100% used [0x0000000795580000,0x0000000799300000,0x0000000799300000)
  from space 12288K, 54% used [0x0000000799300000,0x0000000799980530,0x0000000799f00000)
  to   space 11264K, 0% used [0x000000079b580000,0x000000079b580000,0x000000079c080000)
 ParOldGen       total 104960K, used 19438K [0x0000000740000000, 0x0000000746680000, 0x0000000795580000)
  object space 104960K, 18% used [0x0000000740000000,0x00000007412fbba0,0x0000000746680000)
 Metaspace       used 43318K, capacity 45710K, committed 45952K, reserved 1089536K
  class space    used 5812K, capacity 6230K, committed 6272K, reserved 1048576K
Event: 616.858 GC heap after
Heap after GC invocations=10 (full 2):
 PSYoungGen      total 68608K, used 6197K [0x0000000795580000, 0x000000079bc00000, 0x00000007c0000000)
  eden space 61952K, 0% used [0x0000000795580000,0x0000000795580000,0x0000000799200000)
  from space 6656K, 93% used [0x000000079b580000,0x000000079bb8d728,0x000000079bc00000)
  to   space 10752K, 0% used [0x000000079a700000,0x000000079a700000,0x000000079b180000)
 ParOldGen       total 104960K, used 19446K [0x0000000740000000, 0x0000000746680000, 0x0000000795580000)
  object space 104960K, 18% used [0x0000000740000000,0x00000007412fdba0,0x0000000746680000)
 Metaspace       used 43318K, capacity 45710K, committed 45952K, reserved 1089536K
  class space    used 5812K, capacity 6230K, committed 6272K, reserved 1048576K
}

