# JRE version: Java(TM) SE Runtime Environment (8.0_45-b14) (build 1.8.0_45-b14)
# Java VM: Java HotSpot(TM) 64-Bit Server VM (25.45-b02 mixed mode bsd-amd64 compressed oops)
Heap:
 PSYoungGen      total 51712K, used 18671K [0x0000000795580000, 0x0000000799500000, 0x00000007c0000000)
  eden space 42496K, 43% used [0x0000000795580000,0x00000007967bbfa0,0x0000000797f00000)
  from space 9216K, 0% used [0x0000000798980000,0x0000000798980000,0x0000000799280000)
  to   space 10752K, 0% used [0x0000000797f00000,0x0000000797f00000,0x0000000798980000)
 ParOldGen       total 74240K, used 18217K [0x0000000740000000, 0x0000000744880000, 0x0000000795580000)
  object space 74240K, 24% used [0x0000000740000000,0x00000007411ca510,0x0000000744880000)
 Metaspace       used 36800K, capacity 38318K, committed 38568K, reserved 1083392K
  class space    used 4956K, capacity 5258K, committed 5296K, reserved 1048576K
GC Heap History (10 events):
Event: 7.291 GC heap before
{Heap before GC invocations=4 (full 1):
 PSYoungGen      total 38400K, used 33280K [0x0000000795580000, 0x0000000798000000, 0x00000007c0000000)
  eden space 33280K, 100% used [0x0000000795580000,0x0000000797600000,0x0000000797600000)
  from space 5120K, 0% used [0x0000000797b00000,0x0000000797b00000,0x0000000798000000)
  to   space 5120K, 0% used [0x0000000797600000,0x0000000797600000,0x0000000797b00000)
 ParOldGen       total 66048K, used 8336K [0x0000000740000000, 0x0000000744080000, 0x0000000795580000)
  object space 66048K, 12% used [0x0000000740000000,0x00000007408243c0,0x0000000744080000)
 Metaspace       used 25811K, capacity 26956K, committed 27184K, reserved 1073152K
  class space    used 3591K, capacity 3835K, committed 3888K, reserved 1048576K
Event: 7.295 GC heap after
Heap after GC invocations=4 (full 1):
 PSYoungGen      total 38400K, used 4999K [0x0000000795580000, 0x0000000798d00000, 0x00000007c0000000)
  eden space 33280K, 0% used [0x0000000795580000,0x0000000795580000,0x0000000797600000)
  from space 5120K, 97% used [0x0000000797600000,0x0000000797ae1c08,0x0000000797b00000)
  to   space 5120K, 0% used [0x0000000798800000,0x0000000798800000,0x0000000798d00000)
 ParOldGen       total 66048K, used 8344K [0x0000000740000000, 0x0000000744080000, 0x0000000795580000)
  object space 66048K, 12% used [0x0000000740000000,0x00000007408263c0,0x0000000744080000)
 Metaspace       used 25811K, capacity 26956K, committed 27184K, reserved 1073152K
  class space    used 3591K, capacity 3835K, committed 3888K, reserved 1048576K
}
Event: 27.042 GC heap before
{Heap before GC invocations=5 (full 1):
 PSYoungGen      total 38400K, used 38279K [0x0000000795580000, 0x0000000798d00000, 0x00000007c0000000)
  eden space 33280K, 100% used [0x0000000795580000,0x0000000797600000,0x0000000797600000)
  from space 5120K, 97% used [0x0000000797600000,0x0000000797ae1c08,0x0000000797b00000)
  to   space 5120K, 0% used [0x0000000798800000,0x0000000798800000,0x0000000798d00000)
 ParOldGen       total 66048K, used 8344K [0x0000000740000000, 0x0000000744080000, 0x0000000795580000)
  object space 66048K, 12% used [0x0000000740000000,0x00000007408263c0,0x0000000744080000)
 Metaspace       used 30738K, capacity 31952K, committed 32304K, reserved 1077248K
  class space    used 4118K, capacity 4387K, committed 4400K, reserved 1048576K
Event: 27.048 GC heap after
Heap after GC invocations=5 (full 1):
 PSYoungGen      total 49664K, used 5104K [0x0000000795580000, 0x0000000798d00000, 0x00000007c0000000)
  eden space 44544K, 0% used [0x0000000795580000,0x0000000795580000,0x0000000798100000)
  from space 5120K, 99% used [0x0000000798800000,0x0000000798cfc060,0x0000000798d00000)
  to   space 5120K, 0% used [0x0000000798300000,0x0000000798300000,0x0000000798800000)
 ParOldGen       total 66048K, used 10664K [0x0000000740000000, 0x0000000744080000, 0x0000000795580000)
  object space 66048K, 16% used [0x0000000740000000,0x0000000740a6a010,0x0000000744080000)
 Metaspace       used 30738K, capacity 31952K, committed 32304K, reserved 1077248K
  class space    used 4118K, capacity 4387K, committed 4400K, reserved 1048576K
}
Event: 73.548 GC heap before
{Heap before GC invocations=6 (full 1):
 PSYoungGen      total 49664K, used 49648K [0x0000000795580000, 0x0000000798d00000, 0x00000007c0000000)
  eden space 44544K, 100% used [0x0000000795580000,0x0000000798100000,0x0000000798100000)
  from space 5120K, 99% used [0x0000000798800000,0x0000000798cfc060,0x0000000798d00000)
  to   space 5120K, 0% used [0x0000000798300000,0x0000000798300000,0x0000000798800000)
 ParOldGen       total 66048K, used 10664K [0x0000000740000000, 0x0000000744080000, 0x0000000795580000)
  object space 66048K, 16% used [0x0000000740000000,0x0000000740a6a010,0x0000000744080000)
 Metaspace       used 32414K, capacity 33730K, committed 34096K, reserved 1079296K
  class space    used 4288K, capacity 4572K, committed 4656K, reserved 1048576K
Event: 73.555 GC heap after
Heap after GC invocations=6 (full 1):
 PSYoungGen      total 49152K, used 5104K [0x0000000795580000, 0x0000000799280000, 0x00000007c0000000)
  eden space 44032K, 0% used [0x0000000795580000,0x0000000795580000,0x0000000798080000)
  from space 5120K, 99% used [0x0000000798300000,0x00000007987fc050,0x0000000798800000)
  to   space 9216K, 0% used [0x0000000798980000,0x0000000798980000,0x0000000799280000)
 ParOldGen       total 66048K, used 12408K [0x0000000740000000, 0x0000000744080000, 0x0000000795580000)
  object space 66048K, 18% used [0x0000000740000000,0x0000000740c1e388,0x0000000744080000)
 Metaspace       used 32414K, capacity 33730K, committed 34096K, reserved 1079296K
  class space    used 4288K, capacity 4572K, committed 4656K, reserved 1048576K
}
Event: 75.577 GC heap before
{Heap before GC invocations=7 (full 1):
 PSYoungGen      total 49152K, used 23183K [0x0000000795580000, 0x0000000799280000, 0x00000007c0000000)
  eden space 44032K, 41% used [0x0000000795580000,0x0000000796727bf8,0x0000000798080000)
  from space 5120K, 99% used [0x0000000798300000,0x00000007987fc050,0x0000000798800000)
  to   space 9216K, 0% used [0x0000000798980000,0x0000000798980000,0x0000000799280000)
 ParOldGen       total 66048K, used 12408K [0x0000000740000000, 0x0000000744080000, 0x0000000795580000)
  object space 66048K, 18% used [0x0000000740000000,0x0000000740c1e388,0x0000000744080000)
 Metaspace       used 34096K, capacity 35412K, committed 35496K, reserved 1079296K
  class space    used 4514K, capacity 4767K, committed 4784K, reserved 1048576K
Event: 75.585 GC heap after
Heap after GC invocations=7 (full 1):
 PSYoungGen      total 51712K, used 9215K [0x0000000795580000, 0x0000000799500000, 0x00000007c0000000)
  eden space 42496K, 0% used [0x0000000795580000,0x0000000795580000,0x0000000797f00000)
  from space 9216K, 99% used [0x0000000798980000,0x000000079927fe00,0x0000000799280000)
  to   space 10752K, 0% used [0x0000000797f00000,0x0000000797f00000,0x0000000798980000)
 ParOldGen       total 66048K, used 12740K [0x0000000740000000, 0x0000000744080000, 0x0000000795580000)
  object space 66048K, 19% used [0x0000000740000000,0x0000000740c711f8,0x0000000744080000)
 Metaspace       used 34096K, capacity 35412K, committed 35496K, reserved 1079296K
  class space    used 4514K, capacity 4767K, committed 4784K, reserved 1048576K
}
Event: 75.585 GC heap before
{Heap before GC invocations=8 (full 2):
 PSYoungGen      total 51712K, used 9215K [0x0000000795580000, 0x0000000799500000, 0x00000007c0000000)
  eden space 42496K, 0% used [0x0000000795580000,0x0000000795580000,0x0000000797f00000)
  from space 9216K, 99% used [0x0000000798980000,0x000000079927fe00,0x0000000799280000)
  to   space 10752K, 0% used [0x0000000797f00000,0x0000000797f00000,0x0000000798980000)
 ParOldGen       total 66048K, used 12740K [0x0000000740000000, 0x0000000744080000, 0x0000000795580000)
  object space 66048K, 19% used [0x0000000740000000,0x0000000740c711f8,0x0000000744080000)
 Metaspace       used 34096K, capacity 35412K, committed 35496K, reserved 1079296K
  class space    used 4514K, capacity 4767K, committed 4784K, reserved 1048576K
Event: 75.651 GC heap after
Heap after GC invocations=8 (full 2):
 PSYoungGen      total 51712K, used 0K [0x0000000795580000, 0x0000000799500000, 0x00000007c0000000)
  eden space 42496K, 0% used [0x0000000795580000,0x0000000795580000,0x0000000797f00000)
  from space 9216K, 0% used [0x0000000798980000,0x0000000798980000,0x0000000799280000)
  to   space 10752K, 0% used [0x0000000797f00000,0x0000000797f00000,0x0000000798980000)
 ParOldGen       total 74240K, used 18217K [0x0000000740000000, 0x0000000744880000, 0x0000000795580000)
  object space 74240K, 24% used [0x0000000740000000,0x00000007411ca510,0x0000000744880000)
 Metaspace       used 34096K, capacity 35412K, committed 35496K, reserved 1079296K
  class space    used 4514K, capacity 4767K, committed 4784K, reserved 1048576K
}

